The system is: Linux - 5.4.0-120-generic - x86_64
Compiling the C compiler identification source file "CMakeCCompilerId.c" succeeded.
Compiler: /usr/local/gcc-11.2.0/bin/x86_64-pc-linux-gnu-gcc 
Build flags: 
Id flags:  

The output was:
0


Compilation of the C compiler identification source "CMakeCCompilerId.c" produced "a.out"

The C compiler identification is GNU, found in "/Code/c++/my_code_project/base_pro/tool/Tool/Filets/cmake-build-debug/CMakeFiles/3.19.2/CompilerIdC/a.out"

Compiling the CXX compiler identification source file "CMakeCXXCompilerId.cpp" succeeded.
Compiler: /usr/local/gcc-11.2.0/bin/x86_64-pc-linux-gnu-g++ 
Build flags: 
Id flags:  

The output was:
0


Compilation of the CXX compiler identification source "CMakeCXXCompilerId.cpp" produced "a.out"

The CXX compiler identification is GNU, found in "/Code/c++/my_code_project/base_pro/tool/Tool/Filets/cmake-build-debug/CMakeFiles/3.19.2/CompilerIdCXX/a.out"

Detecting C compiler ABI info compiled with the following output:
Change Dir: /Code/c++/my_code_project/base_pro/tool/Tool/Filets/cmake-build-debug/CMakeFiles/CMakeTmp

Run Build Command(s):/usr/bin/make cmTC_54648/fast && /usr/bin/make  -f CMakeFiles/cmTC_54648.dir/build.make CMakeFiles/cmTC_54648.dir/build
make[1]: Entering directory '/Code/c++/my_code_project/base_pro/tool/Tool/Filets/cmake-build-debug/CMakeFiles/CMakeTmp'
Building C object CMakeFiles/cmTC_54648.dir/CMakeCCompilerABI.c.o
/usr/local/gcc-11.2.0/bin/x86_64-pc-linux-gnu-gcc   -v -o CMakeFiles/cmTC_54648.dir/CMakeCCompilerABI.c.o -c /opt/clion/bin/cmake/linux/share/cmake-3.19/Modules/CMakeCCompilerABI.c
Using built-in specs.
COLLECT_GCC=/usr/local/gcc-11.2.0/bin/x86_64-pc-linux-gnu-gcc
Target: x86_64-pc-linux-gnu
Configured with: ./configure --prefix=/usr/local/gcc-11.2.0 --enable-bootstrap --enable-languages=c,c++ --enable-threads=posix --enable-checking=release --enable-multilib --with-system-zlib
Thread model: posix
Supported LTO compression algorithms: zlib
gcc version 11.2.0 (GCC) 
COLLECT_GCC_OPTIONS='-v' '-o' 'CMakeFiles/cmTC_54648.dir/CMakeCCompilerABI.c.o' '-c' '-mtune=generic' '-march=x86-64' '-dumpdir' 'CMakeFiles/cmTC_54648.dir/'
 /usr/local/gcc-11.2.0/libexec/gcc/x86_64-pc-linux-gnu/11.2.0/cc1 -quiet -v -imultiarch x86_64-linux-gnu /opt/clion/bin/cmake/linux/share/cmake-3.19/Modules/CMakeCCompilerABI.c -quiet -dumpdir CMakeFiles/cmTC_54648.dir/ -dumpbase CMakeCCompilerABI.c.c -dumpbase-ext .c -mtune=generic -march=x86-64 -version -o /tmp/ccbyF88x.s
GNU C17 (GCC) version 11.2.0 (x86_64-pc-linux-gnu)
	compiled by GNU C version 11.2.0, GMP version 6.1.0, MPFR version 3.1.6, MPC version 1.0.3, isl version isl-0.18-GMP

GGC heuristics: --param ggc-min-expand=100 --param ggc-min-heapsize=131072
ignoring nonexistent directory "/usr/local/include/x86_64-linux-gnu"
ignoring nonexistent directory "/usr/local/gcc-11.2.0/lib/gcc/x86_64-pc-linux-gnu/11.2.0/../../../../x86_64-pc-linux-gnu/include"
#include "..." search starts here:
#include <...> search starts here:
 /usr/local/gcc-11.2.0/lib/gcc/x86_64-pc-linux-gnu/11.2.0/include
 /usr/local/include
 /usr/local/gcc-11.2.0/include
 /usr/local/gcc-11.2.0/lib/gcc/x86_64-pc-linux-gnu/11.2.0/include-fixed
 /usr/include/x86_64-linux-gnu
 /usr/include
End of search list.
GNU C17 (GCC) version 11.2.0 (x86_64-pc-linux-gnu)
	compiled by GNU C version 11.2.0, GMP version 6.1.0, MPFR version 3.1.6, MPC version 1.0.3, isl version isl-0.18-GMP

GGC heuristics: --param ggc-min-expand=100 --param ggc-min-heapsize=131072
Compiler executable checksum: 4685f806b986961e160177511c19ce6f
COLLECT_GCC_OPTIONS='-v' '-o' 'CMakeFiles/cmTC_54648.dir/CMakeCCompilerABI.c.o' '-c' '-mtune=generic' '-march=x86-64' '-dumpdir' 'CMakeFiles/cmTC_54648.dir/'
 as -v --64 -o CMakeFiles/cmTC_54648.dir/CMakeCCompilerABI.c.o /tmp/ccbyF88x.s
GNU assembler version 2.30 (x86_64-linux-gnu) using BFD version (GNU Binutils for Ubuntu) 2.30
COMPILER_PATH=/usr/local/gcc-11.2.0/libexec/gcc/x86_64-pc-linux-gnu/11.2.0/:/usr/local/gcc-11.2.0/libexec/gcc/x86_64-pc-linux-gnu/11.2.0/:/usr/local/gcc-11.2.0/libexec/gcc/x86_64-pc-linux-gnu/:/usr/local/gcc-11.2.0/lib/gcc/x86_64-pc-linux-gnu/11.2.0/:/usr/local/gcc-11.2.0/lib/gcc/x86_64-pc-linux-gnu/
LIBRARY_PATH=/usr/local/gcc-11.2.0/lib/gcc/x86_64-pc-linux-gnu/11.2.0/:/usr/local/gcc-11.2.0/lib/gcc/x86_64-pc-linux-gnu/11.2.0/../../../../lib64/:/lib/x86_64-linux-gnu/:/lib/../lib64/:/usr/lib/x86_64-linux-gnu/:/usr/lib/../lib64/:/usr/local/gcc-11.2.0/lib/gcc/x86_64-pc-linux-gnu/11.2.0/../../../:/lib/:/usr/lib/
COLLECT_GCC_OPTIONS='-v' '-o' 'CMakeFiles/cmTC_54648.dir/CMakeCCompilerABI.c.o' '-c' '-mtune=generic' '-march=x86-64' '-dumpdir' 'CMakeFiles/cmTC_54648.dir/CMakeCCompilerABI.c.'
Linking C executable cmTC_54648
/opt/clion/bin/cmake/linux/bin/cmake -E cmake_link_script CMakeFiles/cmTC_54648.dir/link.txt --verbose=1
/usr/local/gcc-11.2.0/bin/x86_64-pc-linux-gnu-gcc  -v -rdynamic CMakeFiles/cmTC_54648.dir/CMakeCCompilerABI.c.o -o cmTC_54648 
Using built-in specs.
COLLECT_GCC=/usr/local/gcc-11.2.0/bin/x86_64-pc-linux-gnu-gcc
COLLECT_LTO_WRAPPER=/usr/local/gcc-11.2.0/libexec/gcc/x86_64-pc-linux-gnu/11.2.0/lto-wrapper
Target: x86_64-pc-linux-gnu
Configured with: ./configure --prefix=/usr/local/gcc-11.2.0 --enable-bootstrap --enable-languages=c,c++ --enable-threads=posix --enable-checking=release --enable-multilib --with-system-zlib
Thread model: posix
Supported LTO compression algorithms: zlib
gcc version 11.2.0 (GCC) 
COMPILER_PATH=/usr/local/gcc-11.2.0/libexec/gcc/x86_64-pc-linux-gnu/11.2.0/:/usr/local/gcc-11.2.0/libexec/gcc/x86_64-pc-linux-gnu/11.2.0/:/usr/local/gcc-11.2.0/libexec/gcc/x86_64-pc-linux-gnu/:/usr/local/gcc-11.2.0/lib/gcc/x86_64-pc-linux-gnu/11.2.0/:/usr/local/gcc-11.2.0/lib/gcc/x86_64-pc-linux-gnu/
LIBRARY_PATH=/usr/local/gcc-11.2.0/lib/gcc/x86_64-pc-linux-gnu/11.2.0/:/usr/local/gcc-11.2.0/lib/gcc/x86_64-pc-linux-gnu/11.2.0/../../../../lib64/:/lib/x86_64-linux-gnu/:/lib/../lib64/:/usr/lib/x86_64-linux-gnu/:/usr/lib/../lib64/:/usr/local/gcc-11.2.0/lib/gcc/x86_64-pc-linux-gnu/11.2.0/../../../:/lib/:/usr/lib/
COLLECT_GCC_OPTIONS='-v' '-rdynamic' '-o' 'cmTC_54648' '-mtune=generic' '-march=x86-64' '-dumpdir' 'cmTC_54648.'
 /usr/local/gcc-11.2.0/libexec/gcc/x86_64-pc-linux-gnu/11.2.0/collect2 -plugin /usr/local/gcc-11.2.0/libexec/gcc/x86_64-pc-linux-gnu/11.2.0/liblto_plugin.so -plugin-opt=/usr/local/gcc-11.2.0/libexec/gcc/x86_64-pc-linux-gnu/11.2.0/lto-wrapper -plugin-opt=-fresolution=/tmp/ccllFaBA.res -plugin-opt=-pass-through=-lgcc -plugin-opt=-pass-through=-lgcc_s -plugin-opt=-pass-through=-lc -plugin-opt=-pass-through=-lgcc -plugin-opt=-pass-through=-lgcc_s --eh-frame-hdr -m elf_x86_64 -export-dynamic -dynamic-linker /lib64/ld-linux-x86-64.so.2 -o cmTC_54648 /usr/lib/x86_64-linux-gnu/crt1.o /usr/lib/x86_64-linux-gnu/crti.o /usr/local/gcc-11.2.0/lib/gcc/x86_64-pc-linux-gnu/11.2.0/crtbegin.o -L/usr/local/gcc-11.2.0/lib/gcc/x86_64-pc-linux-gnu/11.2.0 -L/usr/local/gcc-11.2.0/lib/gcc/x86_64-pc-linux-gnu/11.2.0/../../../../lib64 -L/lib/x86_64-linux-gnu -L/lib/../lib64 -L/usr/lib/x86_64-linux-gnu -L/usr/lib/../lib64 -L/usr/local/gcc-11.2.0/lib/gcc/x86_64-pc-linux-gnu/11.2.0/../../.. CMakeFiles/cmTC_54648.dir/CMakeCCompilerABI.c.o -lgcc --push-state --as-needed -lgcc_s --pop-state -lc -lgcc --push-state --as-needed -lgcc_s --pop-state /usr/local/gcc-11.2.0/lib/gcc/x86_64-pc-linux-gnu/11.2.0/crtend.o /usr/lib/x86_64-linux-gnu/crtn.o
COLLECT_GCC_OPTIONS='-v' '-rdynamic' '-o' 'cmTC_54648' '-mtune=generic' '-march=x86-64' '-dumpdir' 'cmTC_54648.'
make[1]: Leaving directory '/Code/c++/my_code_project/base_pro/tool/Tool/Filets/cmake-build-debug/CMakeFiles/CMakeTmp'



Parsed C implicit include dir info from above output: rv=done
  found start of include info
  found start of implicit include info
    add: [/usr/local/gcc-11.2.0/lib/gcc/x86_64-pc-linux-gnu/11.2.0/include]
    add: [/usr/local/include]
    add: [/usr/local/gcc-11.2.0/include]
    add: [/usr/local/gcc-11.2.0/lib/gcc/x86_64-pc-linux-gnu/11.2.0/include-fixed]
    add: [/usr/include/x86_64-linux-gnu]
    add: [/usr/include]
  end of search list found
  collapse include dir [/usr/local/gcc-11.2.0/lib/gcc/x86_64-pc-linux-gnu/11.2.0/include] ==> [/usr/local/gcc-11.2.0/lib/gcc/x86_64-pc-linux-gnu/11.2.0/include]
  collapse include dir [/usr/local/include] ==> [/usr/local/include]
  collapse include dir [/usr/local/gcc-11.2.0/include] ==> [/usr/local/gcc-11.2.0/include]
  collapse include dir [/usr/local/gcc-11.2.0/lib/gcc/x86_64-pc-linux-gnu/11.2.0/include-fixed] ==> [/usr/local/gcc-11.2.0/lib/gcc/x86_64-pc-linux-gnu/11.2.0/include-fixed]
  collapse include dir [/usr/include/x86_64-linux-gnu] ==> [/usr/include/x86_64-linux-gnu]
  collapse include dir [/usr/include] ==> [/usr/include]
  implicit include dirs: [/usr/local/gcc-11.2.0/lib/gcc/x86_64-pc-linux-gnu/11.2.0/include;/usr/local/include;/usr/local/gcc-11.2.0/include;/usr/local/gcc-11.2.0/lib/gcc/x86_64-pc-linux-gnu/11.2.0/include-fixed;/usr/include/x86_64-linux-gnu;/usr/include]


Parsed C implicit link information from above output:
  link line regex: [^( *|.*[/\])(ld|CMAKE_LINK_STARTFILE-NOTFOUND|([^/\]+-)?ld|collect2)[^/\]*( |$)]
  ignore line: [Change Dir: /Code/c++/my_code_project/base_pro/tool/Tool/Filets/cmake-build-debug/CMakeFiles/CMakeTmp]
  ignore line: []
  ignore line: [Run Build Command(s):/usr/bin/make cmTC_54648/fast && /usr/bin/make  -f CMakeFiles/cmTC_54648.dir/build.make CMakeFiles/cmTC_54648.dir/build]
  ignore line: [make[1]: Entering directory '/Code/c++/my_code_project/base_pro/tool/Tool/Filets/cmake-build-debug/CMakeFiles/CMakeTmp']
  ignore line: [Building C object CMakeFiles/cmTC_54648.dir/CMakeCCompilerABI.c.o]
  ignore line: [/usr/local/gcc-11.2.0/bin/x86_64-pc-linux-gnu-gcc   -v -o CMakeFiles/cmTC_54648.dir/CMakeCCompilerABI.c.o -c /opt/clion/bin/cmake/linux/share/cmake-3.19/Modules/CMakeCCompilerABI.c]
  ignore line: [Using built-in specs.]
  ignore line: [COLLECT_GCC=/usr/local/gcc-11.2.0/bin/x86_64-pc-linux-gnu-gcc]
  ignore line: [Target: x86_64-pc-linux-gnu]
  ignore line: [Configured with: ./configure --prefix=/usr/local/gcc-11.2.0 --enable-bootstrap --enable-languages=c c++ --enable-threads=posix --enable-checking=release --enable-multilib --with-system-zlib]
  ignore line: [Thread model: posix]
  ignore line: [Supported LTO compression algorithms: zlib]
  ignore line: [gcc version 11.2.0 (GCC) ]
  ignore line: [COLLECT_GCC_OPTIONS='-v' '-o' 'CMakeFiles/cmTC_54648.dir/CMakeCCompilerABI.c.o' '-c' '-mtune=generic' '-march=x86-64' '-dumpdir' 'CMakeFiles/cmTC_54648.dir/']
  ignore line: [ /usr/local/gcc-11.2.0/libexec/gcc/x86_64-pc-linux-gnu/11.2.0/cc1 -quiet -v -imultiarch x86_64-linux-gnu /opt/clion/bin/cmake/linux/share/cmake-3.19/Modules/CMakeCCompilerABI.c -quiet -dumpdir CMakeFiles/cmTC_54648.dir/ -dumpbase CMakeCCompilerABI.c.c -dumpbase-ext .c -mtune=generic -march=x86-64 -version -o /tmp/ccbyF88x.s]
  ignore line: [GNU C17 (GCC) version 11.2.0 (x86_64-pc-linux-gnu)]
  ignore line: [	compiled by GNU C version 11.2.0  GMP version 6.1.0  MPFR version 3.1.6  MPC version 1.0.3  isl version isl-0.18-GMP]
  ignore line: []
  ignore line: [GGC heuristics: --param ggc-min-expand=100 --param ggc-min-heapsize=131072]
  ignore line: [ignoring nonexistent directory "/usr/local/include/x86_64-linux-gnu"]
  ignore line: [ignoring nonexistent directory "/usr/local/gcc-11.2.0/lib/gcc/x86_64-pc-linux-gnu/11.2.0/../../../../x86_64-pc-linux-gnu/include"]
  ignore line: [#include "..." search starts here:]
  ignore line: [#include <...> search starts here:]
  ignore line: [ /usr/local/gcc-11.2.0/lib/gcc/x86_64-pc-linux-gnu/11.2.0/include]
  ignore line: [ /usr/local/include]
  ignore line: [ /usr/local/gcc-11.2.0/include]
  ignore line: [ /usr/local/gcc-11.2.0/lib/gcc/x86_64-pc-linux-gnu/11.2.0/include-fixed]
  ignore line: [ /usr/include/x86_64-linux-gnu]
  ignore line: [ /usr/include]
  ignore line: [End of search list.]
  ignore line: [GNU C17 (GCC) version 11.2.0 (x86_64-pc-linux-gnu)]
  ignore line: [	compiled by GNU C version 11.2.0  GMP version 6.1.0  MPFR version 3.1.6  MPC version 1.0.3  isl version isl-0.18-GMP]
  ignore line: []
  ignore line: [GGC heuristics: --param ggc-min-expand=100 --param ggc-min-heapsize=131072]
  ignore line: [Compiler executable checksum: 4685f806b986961e160177511c19ce6f]
  ignore line: [COLLECT_GCC_OPTIONS='-v' '-o' 'CMakeFiles/cmTC_54648.dir/CMakeCCompilerABI.c.o' '-c' '-mtune=generic' '-march=x86-64' '-dumpdir' 'CMakeFiles/cmTC_54648.dir/']
  ignore line: [ as -v --64 -o CMakeFiles/cmTC_54648.dir/CMakeCCompilerABI.c.o /tmp/ccbyF88x.s]
  ignore line: [GNU assembler version 2.30 (x86_64-linux-gnu) using BFD version (GNU Binutils for Ubuntu) 2.30]
  ignore line: [COMPILER_PATH=/usr/local/gcc-11.2.0/libexec/gcc/x86_64-pc-linux-gnu/11.2.0/:/usr/local/gcc-11.2.0/libexec/gcc/x86_64-pc-linux-gnu/11.2.0/:/usr/local/gcc-11.2.0/libexec/gcc/x86_64-pc-linux-gnu/:/usr/local/gcc-11.2.0/lib/gcc/x86_64-pc-linux-gnu/11.2.0/:/usr/local/gcc-11.2.0/lib/gcc/x86_64-pc-linux-gnu/]
  ignore line: [LIBRARY_PATH=/usr/local/gcc-11.2.0/lib/gcc/x86_64-pc-linux-gnu/11.2.0/:/usr/local/gcc-11.2.0/lib/gcc/x86_64-pc-linux-gnu/11.2.0/../../../../lib64/:/lib/x86_64-linux-gnu/:/lib/../lib64/:/usr/lib/x86_64-linux-gnu/:/usr/lib/../lib64/:/usr/local/gcc-11.2.0/lib/gcc/x86_64-pc-linux-gnu/11.2.0/../../../:/lib/:/usr/lib/]
  ignore line: [COLLECT_GCC_OPTIONS='-v' '-o' 'CMakeFiles/cmTC_54648.dir/CMakeCCompilerABI.c.o' '-c' '-mtune=generic' '-march=x86-64' '-dumpdir' 'CMakeFiles/cmTC_54648.dir/CMakeCCompilerABI.c.']
  ignore line: [Linking C executable cmTC_54648]
  ignore line: [/opt/clion/bin/cmake/linux/bin/cmake -E cmake_link_script CMakeFiles/cmTC_54648.dir/link.txt --verbose=1]
  ignore line: [/usr/local/gcc-11.2.0/bin/x86_64-pc-linux-gnu-gcc  -v -rdynamic CMakeFiles/cmTC_54648.dir/CMakeCCompilerABI.c.o -o cmTC_54648 ]
  ignore line: [Using built-in specs.]
  ignore line: [COLLECT_GCC=/usr/local/gcc-11.2.0/bin/x86_64-pc-linux-gnu-gcc]
  ignore line: [COLLECT_LTO_WRAPPER=/usr/local/gcc-11.2.0/libexec/gcc/x86_64-pc-linux-gnu/11.2.0/lto-wrapper]
  ignore line: [Target: x86_64-pc-linux-gnu]
  ignore line: [Configured with: ./configure --prefix=/usr/local/gcc-11.2.0 --enable-bootstrap --enable-languages=c c++ --enable-threads=posix --enable-checking=release --enable-multilib --with-system-zlib]
  ignore line: [Thread model: posix]
  ignore line: [Supported LTO compression algorithms: zlib]
  ignore line: [gcc version 11.2.0 (GCC) ]
  ignore line: [COMPILER_PATH=/usr/local/gcc-11.2.0/libexec/gcc/x86_64-pc-linux-gnu/11.2.0/:/usr/local/gcc-11.2.0/libexec/gcc/x86_64-pc-linux-gnu/11.2.0/:/usr/local/gcc-11.2.0/libexec/gcc/x86_64-pc-linux-gnu/:/usr/local/gcc-11.2.0/lib/gcc/x86_64-pc-linux-gnu/11.2.0/:/usr/local/gcc-11.2.0/lib/gcc/x86_64-pc-linux-gnu/]
  ignore line: [LIBRARY_PATH=/usr/local/gcc-11.2.0/lib/gcc/x86_64-pc-linux-gnu/11.2.0/:/usr/local/gcc-11.2.0/lib/gcc/x86_64-pc-linux-gnu/11.2.0/../../../../lib64/:/lib/x86_64-linux-gnu/:/lib/../lib64/:/usr/lib/x86_64-linux-gnu/:/usr/lib/../lib64/:/usr/local/gcc-11.2.0/lib/gcc/x86_64-pc-linux-gnu/11.2.0/../../../:/lib/:/usr/lib/]
  ignore line: [COLLECT_GCC_OPTIONS='-v' '-rdynamic' '-o' 'cmTC_54648' '-mtune=generic' '-march=x86-64' '-dumpdir' 'cmTC_54648.']
  link line: [ /usr/local/gcc-11.2.0/libexec/gcc/x86_64-pc-linux-gnu/11.2.0/collect2 -plugin /usr/local/gcc-11.2.0/libexec/gcc/x86_64-pc-linux-gnu/11.2.0/liblto_plugin.so -plugin-opt=/usr/local/gcc-11.2.0/libexec/gcc/x86_64-pc-linux-gnu/11.2.0/lto-wrapper -plugin-opt=-fresolution=/tmp/ccllFaBA.res -plugin-opt=-pass-through=-lgcc -plugin-opt=-pass-through=-lgcc_s -plugin-opt=-pass-through=-lc -plugin-opt=-pass-through=-lgcc -plugin-opt=-pass-through=-lgcc_s --eh-frame-hdr -m elf_x86_64 -export-dynamic -dynamic-linker /lib64/ld-linux-x86-64.so.2 -o cmTC_54648 /usr/lib/x86_64-linux-gnu/crt1.o /usr/lib/x86_64-linux-gnu/crti.o /usr/local/gcc-11.2.0/lib/gcc/x86_64-pc-linux-gnu/11.2.0/crtbegin.o -L/usr/local/gcc-11.2.0/lib/gcc/x86_64-pc-linux-gnu/11.2.0 -L/usr/local/gcc-11.2.0/lib/gcc/x86_64-pc-linux-gnu/11.2.0/../../../../lib64 -L/lib/x86_64-linux-gnu -L/lib/../lib64 -L/usr/lib/x86_64-linux-gnu -L/usr/lib/../lib64 -L/usr/local/gcc-11.2.0/lib/gcc/x86_64-pc-linux-gnu/11.2.0/../../.. CMakeFiles/cmTC_54648.dir/CMakeCCompilerABI.c.o -lgcc --push-state --as-needed -lgcc_s --pop-state -lc -lgcc --push-state --as-needed -lgcc_s --pop-state /usr/local/gcc-11.2.0/lib/gcc/x86_64-pc-linux-gnu/11.2.0/crtend.o /usr/lib/x86_64-linux-gnu/crtn.o]
    arg [/usr/local/gcc-11.2.0/libexec/gcc/x86_64-pc-linux-gnu/11.2.0/collect2] ==> ignore
    arg [-plugin] ==> ignore
    arg [/usr/local/gcc-11.2.0/libexec/gcc/x86_64-pc-linux-gnu/11.2.0/liblto_plugin.so] ==> ignore
    arg [-plugin-opt=/usr/local/gcc-11.2.0/libexec/gcc/x86_64-pc-linux-gnu/11.2.0/lto-wrapper] ==> ignore
    arg [-plugin-opt=-fresolution=/tmp/ccllFaBA.res] ==> ignore
    arg [-plugin-opt=-pass-through=-lgcc] ==> ignore
    arg [-plugin-opt=-pass-through=-lgcc_s] ==> ignore
    arg [-plugin-opt=-pass-through=-lc] ==> ignore
    arg [-plugin-opt=-pass-through=-lgcc] ==> ignore
    arg [-plugin-opt=-pass-through=-lgcc_s] ==> ignore
    arg [--eh-frame-hdr] ==> ignore
    arg [-m] ==> ignore
    arg [elf_x86_64] ==> ignore
    arg [-export-dynamic] ==> ignore
    arg [-dynamic-linker] ==> ignore
    arg [/lib64/ld-linux-x86-64.so.2] ==> ignore
    arg [-o] ==> ignore
    arg [cmTC_54648] ==> ignore
    arg [/usr/lib/x86_64-linux-gnu/crt1.o] ==> ignore
    arg [/usr/lib/x86_64-linux-gnu/crti.o] ==> ignore
    arg [/usr/local/gcc-11.2.0/lib/gcc/x86_64-pc-linux-gnu/11.2.0/crtbegin.o] ==> ignore
    arg [-L/usr/local/gcc-11.2.0/lib/gcc/x86_64-pc-linux-gnu/11.2.0] ==> dir [/usr/local/gcc-11.2.0/lib/gcc/x86_64-pc-linux-gnu/11.2.0]
    arg [-L/usr/local/gcc-11.2.0/lib/gcc/x86_64-pc-linux-gnu/11.2.0/../../../../lib64] ==> dir [/usr/local/gcc-11.2.0/lib/gcc/x86_64-pc-linux-gnu/11.2.0/../../../../lib64]
    arg [-L/lib/x86_64-linux-gnu] ==> dir [/lib/x86_64-linux-gnu]
    arg [-L/lib/../lib64] ==> dir [/lib/../lib64]
    arg [-L/usr/lib/x86_64-linux-gnu] ==> dir [/usr/lib/x86_64-linux-gnu]
    arg [-L/usr/lib/../lib64] ==> dir [/usr/lib/../lib64]
    arg [-L/usr/local/gcc-11.2.0/lib/gcc/x86_64-pc-linux-gnu/11.2.0/../../..] ==> dir [/usr/local/gcc-11.2.0/lib/gcc/x86_64-pc-linux-gnu/11.2.0/../../..]
    arg [CMakeFiles/cmTC_54648.dir/CMakeCCompilerABI.c.o] ==> ignore
    arg [-lgcc] ==> lib [gcc]
    arg [--push-state] ==> ignore
    arg [--as-needed] ==> ignore
    arg [-lgcc_s] ==> lib [gcc_s]
    arg [--pop-state] ==> ignore
    arg [-lc] ==> lib [c]
    arg [-lgcc] ==> lib [gcc]
    arg [--push-state] ==> ignore
    arg [--as-needed] ==> ignore
    arg [-lgcc_s] ==> lib [gcc_s]
    arg [--pop-state] ==> ignore
    arg [/usr/local/gcc-11.2.0/lib/gcc/x86_64-pc-linux-gnu/11.2.0/crtend.o] ==> ignore
    arg [/usr/lib/x86_64-linux-gnu/crtn.o] ==> ignore
  collapse library dir [/usr/local/gcc-11.2.0/lib/gcc/x86_64-pc-linux-gnu/11.2.0] ==> [/usr/local/gcc-11.2.0/lib/gcc/x86_64-pc-linux-gnu/11.2.0]
  collapse library dir [/usr/local/gcc-11.2.0/lib/gcc/x86_64-pc-linux-gnu/11.2.0/../../../../lib64] ==> [/usr/local/gcc-11.2.0/lib64]
  collapse library dir [/lib/x86_64-linux-gnu] ==> [/lib/x86_64-linux-gnu]
  collapse library dir [/lib/../lib64] ==> [/lib64]
  collapse library dir [/usr/lib/x86_64-linux-gnu] ==> [/usr/lib/x86_64-linux-gnu]
  collapse library dir [/usr/lib/../lib64] ==> [/usr/lib64]
  collapse library dir [/usr/local/gcc-11.2.0/lib/gcc/x86_64-pc-linux-gnu/11.2.0/../../..] ==> [/usr/local/gcc-11.2.0/lib]
  implicit libs: [gcc;gcc_s;c;gcc;gcc_s]
  implicit dirs: [/usr/local/gcc-11.2.0/lib/gcc/x86_64-pc-linux-gnu/11.2.0;/usr/local/gcc-11.2.0/lib64;/lib/x86_64-linux-gnu;/lib64;/usr/lib/x86_64-linux-gnu;/usr/lib64;/usr/local/gcc-11.2.0/lib]
  implicit fwks: []


Detecting CXX compiler ABI info compiled with the following output:
Change Dir: /Code/c++/my_code_project/base_pro/tool/Tool/Filets/cmake-build-debug/CMakeFiles/CMakeTmp

Run Build Command(s):/usr/bin/make cmTC_d0178/fast && /usr/bin/make  -f CMakeFiles/cmTC_d0178.dir/build.make CMakeFiles/cmTC_d0178.dir/build
make[1]: Entering directory '/Code/c++/my_code_project/base_pro/tool/Tool/Filets/cmake-build-debug/CMakeFiles/CMakeTmp'
Building CXX object CMakeFiles/cmTC_d0178.dir/CMakeCXXCompilerABI.cpp.o
/usr/local/gcc-11.2.0/bin/x86_64-pc-linux-gnu-g++   -v -o CMakeFiles/cmTC_d0178.dir/CMakeCXXCompilerABI.cpp.o -c /opt/clion/bin/cmake/linux/share/cmake-3.19/Modules/CMakeCXXCompilerABI.cpp
Using built-in specs.
COLLECT_GCC=/usr/local/gcc-11.2.0/bin/x86_64-pc-linux-gnu-g++
Target: x86_64-pc-linux-gnu
Configured with: ./configure --prefix=/usr/local/gcc-11.2.0 --enable-bootstrap --enable-languages=c,c++ --enable-threads=posix --enable-checking=release --enable-multilib --with-system-zlib
Thread model: posix
Supported LTO compression algorithms: zlib
gcc version 11.2.0 (GCC) 
COLLECT_GCC_OPTIONS='-v' '-o' 'CMakeFiles/cmTC_d0178.dir/CMakeCXXCompilerABI.cpp.o' '-c' '-shared-libgcc' '-mtune=generic' '-march=x86-64' '-dumpdir' 'CMakeFiles/cmTC_d0178.dir/'
 /usr/local/gcc-11.2.0/libexec/gcc/x86_64-pc-linux-gnu/11.2.0/cc1plus -quiet -v -imultiarch x86_64-linux-gnu -D_GNU_SOURCE /opt/clion/bin/cmake/linux/share/cmake-3.19/Modules/CMakeCXXCompilerABI.cpp -quiet -dumpdir CMakeFiles/cmTC_d0178.dir/ -dumpbase CMakeCXXCompilerABI.cpp.cpp -dumpbase-ext .cpp -mtune=generic -march=x86-64 -version -o /tmp/ccIlrutG.s
GNU C++17 (GCC) version 11.2.0 (x86_64-pc-linux-gnu)
	compiled by GNU C version 11.2.0, GMP version 6.1.0, MPFR version 3.1.6, MPC version 1.0.3, isl version isl-0.18-GMP

GGC heuristics: --param ggc-min-expand=100 --param ggc-min-heapsize=131072
ignoring nonexistent directory "/usr/local/include/x86_64-linux-gnu"
ignoring nonexistent directory "/usr/local/gcc-11.2.0/lib/gcc/x86_64-pc-linux-gnu/11.2.0/../../../../x86_64-pc-linux-gnu/include"
#include "..." search starts here:
#include <...> search starts here:
 /usr/local/gcc-11.2.0/lib/gcc/x86_64-pc-linux-gnu/11.2.0/../../../../include/c++/11.2.0
 /usr/local/gcc-11.2.0/lib/gcc/x86_64-pc-linux-gnu/11.2.0/../../../../include/c++/11.2.0/x86_64-pc-linux-gnu
 /usr/local/gcc-11.2.0/lib/gcc/x86_64-pc-linux-gnu/11.2.0/../../../../include/c++/11.2.0/backward
 /usr/local/gcc-11.2.0/lib/gcc/x86_64-pc-linux-gnu/11.2.0/include
 /usr/local/include
 /usr/local/gcc-11.2.0/include
 /usr/local/gcc-11.2.0/lib/gcc/x86_64-pc-linux-gnu/11.2.0/include-fixed
 /usr/include/x86_64-linux-gnu
 /usr/include
End of search list.
GNU C++17 (GCC) version 11.2.0 (x86_64-pc-linux-gnu)
	compiled by GNU C version 11.2.0, GMP version 6.1.0, MPFR version 3.1.6, MPC version 1.0.3, isl version isl-0.18-GMP

GGC heuristics: --param ggc-min-expand=100 --param ggc-min-heapsize=131072
Compiler executable checksum: 40c600285f58cdb604c997352bc2dc20
COLLECT_GCC_OPTIONS='-v' '-o' 'CMakeFiles/cmTC_d0178.dir/CMakeCXXCompilerABI.cpp.o' '-c' '-shared-libgcc' '-mtune=generic' '-march=x86-64' '-dumpdir' 'CMakeFiles/cmTC_d0178.dir/'
 as -v --64 -o CMakeFiles/cmTC_d0178.dir/CMakeCXXCompilerABI.cpp.o /tmp/ccIlrutG.s
GNU assembler version 2.30 (x86_64-linux-gnu) using BFD version (GNU Binutils for Ubuntu) 2.30
COMPILER_PATH=/usr/local/gcc-11.2.0/libexec/gcc/x86_64-pc-linux-gnu/11.2.0/:/usr/local/gcc-11.2.0/libexec/gcc/x86_64-pc-linux-gnu/11.2.0/:/usr/local/gcc-11.2.0/libexec/gcc/x86_64-pc-linux-gnu/:/usr/local/gcc-11.2.0/lib/gcc/x86_64-pc-linux-gnu/11.2.0/:/usr/local/gcc-11.2.0/lib/gcc/x86_64-pc-linux-gnu/
LIBRARY_PATH=/usr/local/gcc-11.2.0/lib/gcc/x86_64-pc-linux-gnu/11.2.0/:/usr/local/gcc-11.2.0/lib/gcc/x86_64-pc-linux-gnu/11.2.0/../../../../lib64/:/lib/x86_64-linux-gnu/:/lib/../lib64/:/usr/lib/x86_64-linux-gnu/:/usr/lib/../lib64/:/usr/local/gcc-11.2.0/lib/gcc/x86_64-pc-linux-gnu/11.2.0/../../../:/lib/:/usr/lib/
COLLECT_GCC_OPTIONS='-v' '-o' 'CMakeFiles/cmTC_d0178.dir/CMakeCXXCompilerABI.cpp.o' '-c' '-shared-libgcc' '-mtune=generic' '-march=x86-64' '-dumpdir' 'CMakeFiles/cmTC_d0178.dir/CMakeCXXCompilerABI.cpp.'
Linking CXX executable cmTC_d0178
/opt/clion/bin/cmake/linux/bin/cmake -E cmake_link_script CMakeFiles/cmTC_d0178.dir/link.txt --verbose=1
/usr/local/gcc-11.2.0/bin/x86_64-pc-linux-gnu-g++  -v -rdynamic CMakeFiles/cmTC_d0178.dir/CMakeCXXCompilerABI.cpp.o -o cmTC_d0178 
Using built-in specs.
COLLECT_GCC=/usr/local/gcc-11.2.0/bin/x86_64-pc-linux-gnu-g++
COLLECT_LTO_WRAPPER=/usr/local/gcc-11.2.0/libexec/gcc/x86_64-pc-linux-gnu/11.2.0/lto-wrapper
Target: x86_64-pc-linux-gnu
Configured with: ./configure --prefix=/usr/local/gcc-11.2.0 --enable-bootstrap --enable-languages=c,c++ --enable-threads=posix --enable-checking=release --enable-multilib --with-system-zlib
Thread model: posix
Supported LTO compression algorithms: zlib
gcc version 11.2.0 (GCC) 
COMPILER_PATH=/usr/local/gcc-11.2.0/libexec/gcc/x86_64-pc-linux-gnu/11.2.0/:/usr/local/gcc-11.2.0/libexec/gcc/x86_64-pc-linux-gnu/11.2.0/:/usr/local/gcc-11.2.0/libexec/gcc/x86_64-pc-linux-gnu/:/usr/local/gcc-11.2.0/lib/gcc/x86_64-pc-linux-gnu/11.2.0/:/usr/local/gcc-11.2.0/lib/gcc/x86_64-pc-linux-gnu/
LIBRARY_PATH=/usr/local/gcc-11.2.0/lib/gcc/x86_64-pc-linux-gnu/11.2.0/:/usr/local/gcc-11.2.0/lib/gcc/x86_64-pc-linux-gnu/11.2.0/../../../../lib64/:/lib/x86_64-linux-gnu/:/lib/../lib64/:/usr/lib/x86_64-linux-gnu/:/usr/lib/../lib64/:/usr/local/gcc-11.2.0/lib/gcc/x86_64-pc-linux-gnu/11.2.0/../../../:/lib/:/usr/lib/
COLLECT_GCC_OPTIONS='-v' '-rdynamic' '-o' 'cmTC_d0178' '-shared-libgcc' '-mtune=generic' '-march=x86-64' '-dumpdir' 'cmTC_d0178.'
 /usr/local/gcc-11.2.0/libexec/gcc/x86_64-pc-linux-gnu/11.2.0/collect2 -plugin /usr/local/gcc-11.2.0/libexec/gcc/x86_64-pc-linux-gnu/11.2.0/liblto_plugin.so -plugin-opt=/usr/local/gcc-11.2.0/libexec/gcc/x86_64-pc-linux-gnu/11.2.0/lto-wrapper -plugin-opt=-fresolution=/tmp/ccsthNNH.res -plugin-opt=-pass-through=-lgcc_s -plugin-opt=-pass-through=-lgcc -plugin-opt=-pass-through=-lc -plugin-opt=-pass-through=-lgcc_s -plugin-opt=-pass-through=-lgcc --eh-frame-hdr -m elf_x86_64 -export-dynamic -dynamic-linker /lib64/ld-linux-x86-64.so.2 -o cmTC_d0178 /usr/lib/x86_64-linux-gnu/crt1.o /usr/lib/x86_64-linux-gnu/crti.o /usr/local/gcc-11.2.0/lib/gcc/x86_64-pc-linux-gnu/11.2.0/crtbegin.o -L/usr/local/gcc-11.2.0/lib/gcc/x86_64-pc-linux-gnu/11.2.0 -L/usr/local/gcc-11.2.0/lib/gcc/x86_64-pc-linux-gnu/11.2.0/../../../../lib64 -L/lib/x86_64-linux-gnu -L/lib/../lib64 -L/usr/lib/x86_64-linux-gnu -L/usr/lib/../lib64 -L/usr/local/gcc-11.2.0/lib/gcc/x86_64-pc-linux-gnu/11.2.0/../../.. CMakeFiles/cmTC_d0178.dir/CMakeCXXCompilerABI.cpp.o -lstdc++ -lm -lgcc_s -lgcc -lc -lgcc_s -lgcc /usr/local/gcc-11.2.0/lib/gcc/x86_64-pc-linux-gnu/11.2.0/crtend.o /usr/lib/x86_64-linux-gnu/crtn.o
COLLECT_GCC_OPTIONS='-v' '-rdynamic' '-o' 'cmTC_d0178' '-shared-libgcc' '-mtune=generic' '-march=x86-64' '-dumpdir' 'cmTC_d0178.'
make[1]: Leaving directory '/Code/c++/my_code_project/base_pro/tool/Tool/Filets/cmake-build-debug/CMakeFiles/CMakeTmp'



Parsed CXX implicit include dir info from above output: rv=done
  found start of include info
  found start of implicit include info
    add: [/usr/local/gcc-11.2.0/lib/gcc/x86_64-pc-linux-gnu/11.2.0/../../../../include/c++/11.2.0]
    add: [/usr/local/gcc-11.2.0/lib/gcc/x86_64-pc-linux-gnu/11.2.0/../../../../include/c++/11.2.0/x86_64-pc-linux-gnu]
    add: [/usr/local/gcc-11.2.0/lib/gcc/x86_64-pc-linux-gnu/11.2.0/../../../../include/c++/11.2.0/backward]
    add: [/usr/local/gcc-11.2.0/lib/gcc/x86_64-pc-linux-gnu/11.2.0/include]
    add: [/usr/local/include]
    add: [/usr/local/gcc-11.2.0/include]
    add: [/usr/local/gcc-11.2.0/lib/gcc/x86_64-pc-linux-gnu/11.2.0/include-fixed]
    add: [/usr/include/x86_64-linux-gnu]
    add: [/usr/include]
  end of search list found
  collapse include dir [/usr/local/gcc-11.2.0/lib/gcc/x86_64-pc-linux-gnu/11.2.0/../../../../include/c++/11.2.0] ==> [/usr/local/gcc-11.2.0/include/c++/11.2.0]
  collapse include dir [/usr/local/gcc-11.2.0/lib/gcc/x86_64-pc-linux-gnu/11.2.0/../../../../include/c++/11.2.0/x86_64-pc-linux-gnu] ==> [/usr/local/gcc-11.2.0/include/c++/11.2.0/x86_64-pc-linux-gnu]
  collapse include dir [/usr/local/gcc-11.2.0/lib/gcc/x86_64-pc-linux-gnu/11.2.0/../../../../include/c++/11.2.0/backward] ==> [/usr/local/gcc-11.2.0/include/c++/11.2.0/backward]
  collapse include dir [/usr/local/gcc-11.2.0/lib/gcc/x86_64-pc-linux-gnu/11.2.0/include] ==> [/usr/local/gcc-11.2.0/lib/gcc/x86_64-pc-linux-gnu/11.2.0/include]
  collapse include dir [/usr/local/include] ==> [/usr/local/include]
  collapse include dir [/usr/local/gcc-11.2.0/include] ==> [/usr/local/gcc-11.2.0/include]
  collapse include dir [/usr/local/gcc-11.2.0/lib/gcc/x86_64-pc-linux-gnu/11.2.0/include-fixed] ==> [/usr/local/gcc-11.2.0/lib/gcc/x86_64-pc-linux-gnu/11.2.0/include-fixed]
  collapse include dir [/usr/include/x86_64-linux-gnu] ==> [/usr/include/x86_64-linux-gnu]
  collapse include dir [/usr/include] ==> [/usr/include]
  implicit include dirs: [/usr/local/gcc-11.2.0/include/c++/11.2.0;/usr/local/gcc-11.2.0/include/c++/11.2.0/x86_64-pc-linux-gnu;/usr/local/gcc-11.2.0/include/c++/11.2.0/backward;/usr/local/gcc-11.2.0/lib/gcc/x86_64-pc-linux-gnu/11.2.0/include;/usr/local/include;/usr/local/gcc-11.2.0/include;/usr/local/gcc-11.2.0/lib/gcc/x86_64-pc-linux-gnu/11.2.0/include-fixed;/usr/include/x86_64-linux-gnu;/usr/include]


Parsed CXX implicit link information from above output:
  link line regex: [^( *|.*[/\])(ld|CMAKE_LINK_STARTFILE-NOTFOUND|([^/\]+-)?ld|collect2)[^/\]*( |$)]
  ignore line: [Change Dir: /Code/c++/my_code_project/base_pro/tool/Tool/Filets/cmake-build-debug/CMakeFiles/CMakeTmp]
  ignore line: []
  ignore line: [Run Build Command(s):/usr/bin/make cmTC_d0178/fast && /usr/bin/make  -f CMakeFiles/cmTC_d0178.dir/build.make CMakeFiles/cmTC_d0178.dir/build]
  ignore line: [make[1]: Entering directory '/Code/c++/my_code_project/base_pro/tool/Tool/Filets/cmake-build-debug/CMakeFiles/CMakeTmp']
  ignore line: [Building CXX object CMakeFiles/cmTC_d0178.dir/CMakeCXXCompilerABI.cpp.o]
  ignore line: [/usr/local/gcc-11.2.0/bin/x86_64-pc-linux-gnu-g++   -v -o CMakeFiles/cmTC_d0178.dir/CMakeCXXCompilerABI.cpp.o -c /opt/clion/bin/cmake/linux/share/cmake-3.19/Modules/CMakeCXXCompilerABI.cpp]
  ignore line: [Using built-in specs.]
  ignore line: [COLLECT_GCC=/usr/local/gcc-11.2.0/bin/x86_64-pc-linux-gnu-g++]
  ignore line: [Target: x86_64-pc-linux-gnu]
  ignore line: [Configured with: ./configure --prefix=/usr/local/gcc-11.2.0 --enable-bootstrap --enable-languages=c c++ --enable-threads=posix --enable-checking=release --enable-multilib --with-system-zlib]
  ignore line: [Thread model: posix]
  ignore line: [Supported LTO compression algorithms: zlib]
  ignore line: [gcc version 11.2.0 (GCC) ]
  ignore line: [COLLECT_GCC_OPTIONS='-v' '-o' 'CMakeFiles/cmTC_d0178.dir/CMakeCXXCompilerABI.cpp.o' '-c' '-shared-libgcc' '-mtune=generic' '-march=x86-64' '-dumpdir' 'CMakeFiles/cmTC_d0178.dir/']
  ignore line: [ /usr/local/gcc-11.2.0/libexec/gcc/x86_64-pc-linux-gnu/11.2.0/cc1plus -quiet -v -imultiarch x86_64-linux-gnu -D_GNU_SOURCE /opt/clion/bin/cmake/linux/share/cmake-3.19/Modules/CMakeCXXCompilerABI.cpp -quiet -dumpdir CMakeFiles/cmTC_d0178.dir/ -dumpbase CMakeCXXCompilerABI.cpp.cpp -dumpbase-ext .cpp -mtune=generic -march=x86-64 -version -o /tmp/ccIlrutG.s]
  ignore line: [GNU C++17 (GCC) version 11.2.0 (x86_64-pc-linux-gnu)]
  ignore line: [	compiled by GNU C version 11.2.0  GMP version 6.1.0  MPFR version 3.1.6  MPC version 1.0.3  isl version isl-0.18-GMP]
  ignore line: []
  ignore line: [GGC heuristics: --param ggc-min-expand=100 --param ggc-min-heapsize=131072]
  ignore line: [ignoring nonexistent directory "/usr/local/include/x86_64-linux-gnu"]
  ignore line: [ignoring nonexistent directory "/usr/local/gcc-11.2.0/lib/gcc/x86_64-pc-linux-gnu/11.2.0/../../../../x86_64-pc-linux-gnu/include"]
  ignore line: [#include "..." search starts here:]
  ignore line: [#include <...> search starts here:]
  ignore line: [ /usr/local/gcc-11.2.0/lib/gcc/x86_64-pc-linux-gnu/11.2.0/../../../../include/c++/11.2.0]
  ignore line: [ /usr/local/gcc-11.2.0/lib/gcc/x86_64-pc-linux-gnu/11.2.0/../../../../include/c++/11.2.0/x86_64-pc-linux-gnu]
  ignore line: [ /usr/local/gcc-11.2.0/lib/gcc/x86_64-pc-linux-gnu/11.2.0/../../../../include/c++/11.2.0/backward]
  ignore line: [ /usr/local/gcc-11.2.0/lib/gcc/x86_64-pc-linux-gnu/11.2.0/include]
  ignore line: [ /usr/local/include]
  ignore line: [ /usr/local/gcc-11.2.0/include]
  ignore line: [ /usr/local/gcc-11.2.0/lib/gcc/x86_64-pc-linux-gnu/11.2.0/include-fixed]
  ignore line: [ /usr/include/x86_64-linux-gnu]
  ignore line: [ /usr/include]
  ignore line: [End of search list.]
  ignore line: [GNU C++17 (GCC) version 11.2.0 (x86_64-pc-linux-gnu)]
  ignore line: [	compiled by GNU C version 11.2.0  GMP version 6.1.0  MPFR version 3.1.6  MPC version 1.0.3  isl version isl-0.18-GMP]
  ignore line: []
  ignore line: [GGC heuristics: --param ggc-min-expand=100 --param ggc-min-heapsize=131072]
  ignore line: [Compiler executable checksum: 40c600285f58cdb604c997352bc2dc20]
  ignore line: [COLLECT_GCC_OPTIONS='-v' '-o' 'CMakeFiles/cmTC_d0178.dir/CMakeCXXCompilerABI.cpp.o' '-c' '-shared-libgcc' '-mtune=generic' '-march=x86-64' '-dumpdir' 'CMakeFiles/cmTC_d0178.dir/']
  ignore line: [ as -v --64 -o CMakeFiles/cmTC_d0178.dir/CMakeCXXCompilerABI.cpp.o /tmp/ccIlrutG.s]
  ignore line: [GNU assembler version 2.30 (x86_64-linux-gnu) using BFD version (GNU Binutils for Ubuntu) 2.30]
  ignore line: [COMPILER_PATH=/usr/local/gcc-11.2.0/libexec/gcc/x86_64-pc-linux-gnu/11.2.0/:/usr/local/gcc-11.2.0/libexec/gcc/x86_64-pc-linux-gnu/11.2.0/:/usr/local/gcc-11.2.0/libexec/gcc/x86_64-pc-linux-gnu/:/usr/local/gcc-11.2.0/lib/gcc/x86_64-pc-linux-gnu/11.2.0/:/usr/local/gcc-11.2.0/lib/gcc/x86_64-pc-linux-gnu/]
  ignore line: [LIBRARY_PATH=/usr/local/gcc-11.2.0/lib/gcc/x86_64-pc-linux-gnu/11.2.0/:/usr/local/gcc-11.2.0/lib/gcc/x86_64-pc-linux-gnu/11.2.0/../../../../lib64/:/lib/x86_64-linux-gnu/:/lib/../lib64/:/usr/lib/x86_64-linux-gnu/:/usr/lib/../lib64/:/usr/local/gcc-11.2.0/lib/gcc/x86_64-pc-linux-gnu/11.2.0/../../../:/lib/:/usr/lib/]
  ignore line: [COLLECT_GCC_OPTIONS='-v' '-o' 'CMakeFiles/cmTC_d0178.dir/CMakeCXXCompilerABI.cpp.o' '-c' '-shared-libgcc' '-mtune=generic' '-march=x86-64' '-dumpdir' 'CMakeFiles/cmTC_d0178.dir/CMakeCXXCompilerABI.cpp.']
  ignore line: [Linking CXX executable cmTC_d0178]
  ignore line: [/opt/clion/bin/cmake/linux/bin/cmake -E cmake_link_script CMakeFiles/cmTC_d0178.dir/link.txt --verbose=1]
  ignore line: [/usr/local/gcc-11.2.0/bin/x86_64-pc-linux-gnu-g++  -v -rdynamic CMakeFiles/cmTC_d0178.dir/CMakeCXXCompilerABI.cpp.o -o cmTC_d0178 ]
  ignore line: [Using built-in specs.]
  ignore line: [COLLECT_GCC=/usr/local/gcc-11.2.0/bin/x86_64-pc-linux-gnu-g++]
  ignore line: [COLLECT_LTO_WRAPPER=/usr/local/gcc-11.2.0/libexec/gcc/x86_64-pc-linux-gnu/11.2.0/lto-wrapper]
  ignore line: [Target: x86_64-pc-linux-gnu]
  ignore line: [Configured with: ./configure --prefix=/usr/local/gcc-11.2.0 --enable-bootstrap --enable-languages=c c++ --enable-threads=posix --enable-checking=release --enable-multilib --with-system-zlib]
  ignore line: [Thread model: posix]
  ignore line: [Supported LTO compression algorithms: zlib]
  ignore line: [gcc version 11.2.0 (GCC) ]
  ignore line: [COMPILER_PATH=/usr/local/gcc-11.2.0/libexec/gcc/x86_64-pc-linux-gnu/11.2.0/:/usr/local/gcc-11.2.0/libexec/gcc/x86_64-pc-linux-gnu/11.2.0/:/usr/local/gcc-11.2.0/libexec/gcc/x86_64-pc-linux-gnu/:/usr/local/gcc-11.2.0/lib/gcc/x86_64-pc-linux-gnu/11.2.0/:/usr/local/gcc-11.2.0/lib/gcc/x86_64-pc-linux-gnu/]
  ignore line: [LIBRARY_PATH=/usr/local/gcc-11.2.0/lib/gcc/x86_64-pc-linux-gnu/11.2.0/:/usr/local/gcc-11.2.0/lib/gcc/x86_64-pc-linux-gnu/11.2.0/../../../../lib64/:/lib/x86_64-linux-gnu/:/lib/../lib64/:/usr/lib/x86_64-linux-gnu/:/usr/lib/../lib64/:/usr/local/gcc-11.2.0/lib/gcc/x86_64-pc-linux-gnu/11.2.0/../../../:/lib/:/usr/lib/]
  ignore line: [COLLECT_GCC_OPTIONS='-v' '-rdynamic' '-o' 'cmTC_d0178' '-shared-libgcc' '-mtune=generic' '-march=x86-64' '-dumpdir' 'cmTC_d0178.']
  link line: [ /usr/local/gcc-11.2.0/libexec/gcc/x86_64-pc-linux-gnu/11.2.0/collect2 -plugin /usr/local/gcc-11.2.0/libexec/gcc/x86_64-pc-linux-gnu/11.2.0/liblto_plugin.so -plugin-opt=/usr/local/gcc-11.2.0/libexec/gcc/x86_64-pc-linux-gnu/11.2.0/lto-wrapper -plugin-opt=-fresolution=/tmp/ccsthNNH.res -plugin-opt=-pass-through=-lgcc_s -plugin-opt=-pass-through=-lgcc -plugin-opt=-pass-through=-lc -plugin-opt=-pass-through=-lgcc_s -plugin-opt=-pass-through=-lgcc --eh-frame-hdr -m elf_x86_64 -export-dynamic -dynamic-linker /lib64/ld-linux-x86-64.so.2 -o cmTC_d0178 /usr/lib/x86_64-linux-gnu/crt1.o /usr/lib/x86_64-linux-gnu/crti.o /usr/local/gcc-11.2.0/lib/gcc/x86_64-pc-linux-gnu/11.2.0/crtbegin.o -L/usr/local/gcc-11.2.0/lib/gcc/x86_64-pc-linux-gnu/11.2.0 -L/usr/local/gcc-11.2.0/lib/gcc/x86_64-pc-linux-gnu/11.2.0/../../../../lib64 -L/lib/x86_64-linux-gnu -L/lib/../lib64 -L/usr/lib/x86_64-linux-gnu -L/usr/lib/../lib64 -L/usr/local/gcc-11.2.0/lib/gcc/x86_64-pc-linux-gnu/11.2.0/../../.. CMakeFiles/cmTC_d0178.dir/CMakeCXXCompilerABI.cpp.o -lstdc++ -lm -lgcc_s -lgcc -lc -lgcc_s -lgcc /usr/local/gcc-11.2.0/lib/gcc/x86_64-pc-linux-gnu/11.2.0/crtend.o /usr/lib/x86_64-linux-gnu/crtn.o]
    arg [/usr/local/gcc-11.2.0/libexec/gcc/x86_64-pc-linux-gnu/11.2.0/collect2] ==> ignore
    arg [-plugin] ==> ignore
    arg [/usr/local/gcc-11.2.0/libexec/gcc/x86_64-pc-linux-gnu/11.2.0/liblto_plugin.so] ==> ignore
    arg [-plugin-opt=/usr/local/gcc-11.2.0/libexec/gcc/x86_64-pc-linux-gnu/11.2.0/lto-wrapper] ==> ignore
    arg [-plugin-opt=-fresolution=/tmp/ccsthNNH.res] ==> ignore
    arg [-plugin-opt=-pass-through=-lgcc_s] ==> ignore
    arg [-plugin-opt=-pass-through=-lgcc] ==> ignore
    arg [-plugin-opt=-pass-through=-lc] ==> ignore
    arg [-plugin-opt=-pass-through=-lgcc_s] ==> ignore
    arg [-plugin-opt=-pass-through=-lgcc] ==> ignore
    arg [--eh-frame-hdr] ==> ignore
    arg [-m] ==> ignore
    arg [elf_x86_64] ==> ignore
    arg [-export-dynamic] ==> ignore
    arg [-dynamic-linker] ==> ignore
    arg [/lib64/ld-linux-x86-64.so.2] ==> ignore
    arg [-o] ==> ignore
    arg [cmTC_d0178] ==> ignore
    arg [/usr/lib/x86_64-linux-gnu/crt1.o] ==> ignore
    arg [/usr/lib/x86_64-linux-gnu/crti.o] ==> ignore
    arg [/usr/local/gcc-11.2.0/lib/gcc/x86_64-pc-linux-gnu/11.2.0/crtbegin.o] ==> ignore
    arg [-L/usr/local/gcc-11.2.0/lib/gcc/x86_64-pc-linux-gnu/11.2.0] ==> dir [/usr/local/gcc-11.2.0/lib/gcc/x86_64-pc-linux-gnu/11.2.0]
    arg [-L/usr/local/gcc-11.2.0/lib/gcc/x86_64-pc-linux-gnu/11.2.0/../../../../lib64] ==> dir [/usr/local/gcc-11.2.0/lib/gcc/x86_64-pc-linux-gnu/11.2.0/../../../../lib64]
    arg [-L/lib/x86_64-linux-gnu] ==> dir [/lib/x86_64-linux-gnu]
    arg [-L/lib/../lib64] ==> dir [/lib/../lib64]
    arg [-L/usr/lib/x86_64-linux-gnu] ==> dir [/usr/lib/x86_64-linux-gnu]
    arg [-L/usr/lib/../lib64] ==> dir [/usr/lib/../lib64]
    arg [-L/usr/local/gcc-11.2.0/lib/gcc/x86_64-pc-linux-gnu/11.2.0/../../..] ==> dir [/usr/local/gcc-11.2.0/lib/gcc/x86_64-pc-linux-gnu/11.2.0/../../..]
    arg [CMakeFiles/cmTC_d0178.dir/CMakeCXXCompilerABI.cpp.o] ==> ignore
    arg [-lstdc++] ==> lib [stdc++]
    arg [-lm] ==> lib [m]
    arg [-lgcc_s] ==> lib [gcc_s]
    arg [-lgcc] ==> lib [gcc]
    arg [-lc] ==> lib [c]
    arg [-lgcc_s] ==> lib [gcc_s]
    arg [-lgcc] ==> lib [gcc]
    arg [/usr/local/gcc-11.2.0/lib/gcc/x86_64-pc-linux-gnu/11.2.0/crtend.o] ==> ignore
    arg [/usr/lib/x86_64-linux-gnu/crtn.o] ==> ignore
  collapse library dir [/usr/local/gcc-11.2.0/lib/gcc/x86_64-pc-linux-gnu/11.2.0] ==> [/usr/local/gcc-11.2.0/lib/gcc/x86_64-pc-linux-gnu/11.2.0]
  collapse library dir [/usr/local/gcc-11.2.0/lib/gcc/x86_64-pc-linux-gnu/11.2.0/../../../../lib64] ==> [/usr/local/gcc-11.2.0/lib64]
  collapse library dir [/lib/x86_64-linux-gnu] ==> [/lib/x86_64-linux-gnu]
  collapse library dir [/lib/../lib64] ==> [/lib64]
  collapse library dir [/usr/lib/x86_64-linux-gnu] ==> [/usr/lib/x86_64-linux-gnu]
  collapse library dir [/usr/lib/../lib64] ==> [/usr/lib64]
  collapse library dir [/usr/local/gcc-11.2.0/lib/gcc/x86_64-pc-linux-gnu/11.2.0/../../..] ==> [/usr/local/gcc-11.2.0/lib]
  implicit libs: [stdc++;m;gcc_s;gcc;c;gcc_s;gcc]
  implicit dirs: [/usr/local/gcc-11.2.0/lib/gcc/x86_64-pc-linux-gnu/11.2.0;/usr/local/gcc-11.2.0/lib64;/lib/x86_64-linux-gnu;/lib64;/usr/lib/x86_64-linux-gnu;/usr/lib64;/usr/local/gcc-11.2.0/lib]
  implicit fwks: []


